<?xml version="1.0" encoding="UTF-8"?>
<testsuite xmlns:xsi="http://www.w3.org/2001/XMLSchema-instance" xsi:noNamespaceSchemaLocation="https://maven.apache.org/surefire/maven-surefire-plugin/xsd/surefire-test-report-3.0.xsd" version="3.0" name="com.mahub.parser.PaymentServiceParserTest" time="0.28" tests="6" errors="0" skipped="0" failures="0">
  <properties>
[...]
</properties>
  <testcase name="consumed_이벤트_없음" classname="com.mahub.parser.PaymentServiceParserTest" time="0.037"/>
  <testcase name="published_이벤트_2개" classname="com.mahub.parser.PaymentServiceParserTest" time="0.052"/>
  <testcase name="서비스명_파싱" classname="com.mahub.parser.PaymentServiceParserTest" time="0.044"/>
  <testcase name="port_8084" classname="com.mahub.parser.PaymentServiceParserTest" time="0.057"/>
  <testcase name="order_service_의존성" classname="com.mahub.parser.PaymentServiceParserTest" time="0.033"/>
  <testcase name="API_3개" classname="com.mahub.parser.PaymentServiceParserTest" time="0.029"/>
</testsuite>